DEBUG 2021-02-09 13:29:40.096 UTC: 	 CRAB Client version: v3.201110
DEBUG 2021-02-09 13:29:40.097 UTC: 	 Running on: Linux cmslpc129.fnal.gov 3.10.0-1160.6.1.el7.x86_64 #1 SMP Tue Nov 10 08:19:23 CST 2020 x86_64 x86_64 x86_64 GNU/Linux - Scientific Linux 7.9 (Nitrogen)
DEBUG 2021-02-09 13:29:40.097 UTC: 	 Executing command: 'submit'
DEBUG 2021-02-09 13:29:40.097 UTC: 	 Found CRAB cache file /uscms/home/cannaert/.crab3
INFO 2021-02-09 13:29:40.103 UTC: 	 Will use CRAB configuration file crab_chi1TeV_Suu5TeV_cfg.py
DEBUG 2021-02-09 13:29:40.103 UTC: 	 Loading CRAB configuration file.
DEBUG 2021-02-09 13:29:40.110 UTC: 	 Will use CRAB Analysis plugin (i.e. will run an analysis job type).
DEBUG 2021-02-09 13:29:40.127 UTC: 	 Checking credentials
DEBUG 2021-02-09 13:29:40.128 UTC: 	 Found proxy file /uscms/home/cannaert/x509up_u54552
DEBUG 2021-02-09 13:29:40.128 UTC: 	 Getting proxy life time left
DEBUG 2021-02-09 13:29:40.231 UTC: 	 Executing : 
 command : voms-proxy-info -file /uscms/home/cannaert/x509up_u54552 -timeleft
 output : 42400

 error: 
 retcode : 0
DEBUG 2021-02-09 13:29:40.334 UTC: 	 Executing : 
 command : voms-proxy-info -file /uscms/home/cannaert/x509up_u54552 -actimeleft
 output : 42400

 error: 
 retcode : 0
DEBUG 2021-02-09 13:29:40.335 UTC: 	 Proxy valid for 11:46:40 hours
DEBUG 2021-02-09 13:29:40.438 UTC: 	 Executing : 
 command : env X509_USER_PROXY=/uscms/home/cannaert/x509up_u54552 voms-proxy-info -fqan
 output : /cms/Role=NULL/Capability=NULL

 error: 
 retcode : 0
DEBUG 2021-02-09 13:29:40.997 UTC: 	 Registering user credentials for server /DC=ch/DC=cern/OU=computers/CN=vocms0105.cern.ch|/DC=ch/DC=cern/OU=computers/CN=crab-(preprod|prod|dev)-tw(02|01).cern.ch|/DC=ch/DC=cern/OU=computers/CN=(ddi|ddidk|mytw).cern.ch|/DC=ch/DC=cern/OU=computers/CN=stefanov(m|m2).cern.ch
DEBUG 2021-02-09 13:29:41.106 UTC: 	 Executing : 
 command : voms-proxy-info -file /uscms/home/cannaert/x509up_u54552 -identity
 output : /DC=ch/DC=cern/OU=Organic Units/OU=Users/CN=ecannaer/CN=832417/CN=Ethan Cannaert

 error: 
 retcode : 0
DEBUG 2021-02-09 13:29:41.112 UTC: 	 Getting myproxy life time left for myproxy.cern.ch
DEBUG 2021-02-09 13:29:41.112 UTC: 	 using b7b51e0178e197a43a1d723fd43ab6570e42a3d5 as credential login name
DEBUG 2021-02-09 13:29:41.916 UTC: 	 Executing : 
 command : myproxy-info -l b7b51e0178e197a43a1d723fd43ab6570e42a3d5 -s myproxy.cern.ch
 output : username: b7b51e0178e197a43a1d723fd43ab6570e42a3d5
owner: /DC=ch/DC=cern/OU=Organic Units/OU=Users/CN=ecannaer/CN=832417/CN=Ethan Cannaert
  renewal policy: /DC=ch/DC=cern/OU=computers/CN=vocms0105.cern.ch|/DC=ch/DC=cern/OU=computers/CN=crab-(preprod|prod|dev)-tw(02|01).cern.ch|/DC=ch/DC=cern/OU=computers/CN=(ddi|ddidk|mytw).cern.ch|/DC=ch/DC=cern/OU=computers/CN=stefanov(m|m2).cern.ch
  trusted retrieval policy: /DC=ch/DC=cern/OU=computers/CN=vocms0105.cern.ch|/DC=ch/DC=cern/OU=computers/CN=crab-(preprod|prod|dev)-tw(02|01).cern.ch|/DC=ch/DC=cern/OU=computers/CN=(ddi|ddidk|mytw).cern.ch|/DC=ch/DC=cern/OU=computers/CN=stefanov(m|m2).cern.ch
  timeleft: 619:42:53  (25.8 days)

 error: 
 retcode : 0
DEBUG 2021-02-09 13:29:41.917 UTC: 	 Myproxy is valid: 2230973
DEBUG 2021-02-09 13:29:41.917 UTC: 	 Retrieving username ...
DEBUG 2021-02-09 13:29:41.918 UTC: 	 Retrieving username from CRIC...
DEBUG 2021-02-09 13:29:43.229 UTC: 	 username is ecannaer
DEBUG 2021-02-09 13:29:43.234 UTC: 	 Getting myproxy life time left for myproxy.cern.ch
DEBUG 2021-02-09 13:29:43.234 UTC: 	 using ecannaer_CRAB as credential login name
DEBUG 2021-02-09 13:29:43.940 UTC: 	 Executing : 
 command : myproxy-info -l ecannaer_CRAB -s myproxy.cern.ch
 output : username: ecannaer_CRAB
owner: /DC=ch/DC=cern/OU=Organic Units/OU=Users/CN=ecannaer/CN=832417/CN=Ethan Cannaert
  renewal policy: /DC=ch/DC=cern/OU=computers/CN=vocms0105.cern.ch|/DC=ch/DC=cern/OU=computers/CN=crab-(preprod|prod|dev)-tw(02|01).cern.ch|/DC=ch/DC=cern/OU=computers/CN=(ddi|ddidk|mytw).cern.ch|/DC=ch/DC=cern/OU=computers/CN=stefanov(m|m2).cern.ch
  trusted retrieval policy: /DC=ch/DC=cern/OU=computers/CN=vocms0105.cern.ch|/DC=ch/DC=cern/OU=computers/CN=crab-(preprod|prod|dev)-tw(02|01).cern.ch|/DC=ch/DC=cern/OU=computers/CN=(ddi|ddidk|mytw).cern.ch|/DC=ch/DC=cern/OU=computers/CN=stefanov(m|m2).cern.ch
  timeleft: 619:43:04  (25.8 days)

 error: 
 retcode : 0
DEBUG 2021-02-09 13:29:43.940 UTC: 	 Myproxy is valid: 2230984
DEBUG 2021-02-09 13:29:43.941 UTC: 	 Result of myproxy credential check:
  Credential exists on myproxy: username: b7b51e0178e197a43a1d723fd43ab6570e42a3d5  - validity: 25 days, 19:42:53
  Credential exists on myproxy: username: ecannaer_CRAB  - validity: 25 days, 19:43:04
DEBUG 2021-02-09 13:29:43.941 UTC: 	 Command use: submit
DEBUG 2021-02-09 13:29:43.941 UTC: 	 Options use: ['-c', 'crab_chi1TeV_Suu5TeV_cfg.py']
DEBUG 2021-02-09 13:29:44.497 UTC: 	 CRABClient version: v3.201110
DEBUG 2021-02-09 13:29:44.497 UTC: 	 Instance is prod
DEBUG 2021-02-09 13:29:44.497 UTC: 	 Server base url is cmsweb-k8s-prod.cern.ch
DEBUG 2021-02-09 13:29:44.497 UTC: 	 Command url /crabserver/prod/workflow
DEBUG 2021-02-09 13:29:44.497 UTC: 	 Started submission
DEBUG 2021-02-09 13:29:44.498 UTC: 	 Working on /uscms_data/d3/cannaert/analysis/CMSSW_10_2_15/src/crab_projects/crab_diquark_5TeV_chi1TeV_0000
DEBUG 2021-02-09 13:29:45.099 UTC: 	 Loading required information from the environment
DEBUG 2021-02-09 13:29:45.099 UTC: 	 Found CMSSW_10_2_15 for slc7_amd64_gcc700 with base /uscms_data/d3/cannaert/analysis/CMSSW_10_2_15
DEBUG 2021-02-09 13:29:45.099 UTC: 	 Loading required information from the environment
DEBUG 2021-02-09 13:29:45.099 UTC: 	 Found CMSSW_10_2_15 for slc7_amd64_gcc700 with base /uscms_data/d3/cannaert/analysis/CMSSW_10_2_15
DEBUG 2021-02-09 13:29:45.099 UTC: 	 UNIQUE NAME: tarUUID a329de41-5909-460f-8182-b19bfb264ca2 
DEBUG 2021-02-09 13:29:45.100 UTC: 	 self.config: from WMCore.Configuration import Configuration
config = Configuration()
config.section_('General')
config.General.transferOutputs = True
config.General.workArea = 'crab_projects'
config.General.requestName = 'diquark_5TeV_chi1TeV_0000'
config.section_('JobType')
config.JobType.psetName = 'diquarkAnalyzer_cfg.py'
config.JobType.pluginName = 'Analysis'
config.JobType.allowUndistributedCMSSW = True
config.section_('Data')
config.Data.inputDataset = '/SuuToWbht/ecannaer-CRAB_diquark_MC_prod_chi1TeV_Suu5TeV_MINIAOD-0bd58594e6ade05f64e0c3a8301c3139/USER'
config.Data.outputDatasetTag = 'diquark_5TeV_chi1TeV'
config.Data.publication = False
config.Data.unitsPerJob = 1
config.Data.splitting = 'FileBased'
config.Data.inputDBS = 'phys03'
config.section_('Site')
config.Site.storageSite = 'T3_US_FNALLPC'
config.section_('User')
config.section_('Debug')

DEBUG 2021-02-09 13:29:45.100 UTC: 	 self.config.JobType.psetName: diquarkAnalyzer_cfg.py
INFO 2021-02-09 13:29:45.100 UTC: 	 Importing CMSSW configuration diquarkAnalyzer_cfg.py
INFO 2021-02-09 13:29:46.307 UTC: 	 Finished importing CMSSW configuration diquarkAnalyzer_cfg.py
DEBUG 2021-02-09 13:29:46.308 UTC: 	 Writing CMSSW configuration to /uscms_data/d3/cannaert/analysis/CMSSW_10_2_15/src/crab_projects/crab_diquark_5TeV_chi1TeV_0000/inputs/PSet.py
DEBUG 2021-02-09 13:29:46.356 UTC: 	 The following EDM output files will be collected: []
DEBUG 2021-02-09 13:29:46.356 UTC: 	 The following TFile output files will be collected: ['diquark_850GeV_Suu4TeV_output.root']
DEBUG 2021-02-09 13:29:46.356 UTC: 	 The following user output files (not listed as PoolOuputModule or TFileService in the CMSSW PSet) will be collected: 
DEBUG 2021-02-09 13:29:46.356 UTC: 	 Loading required information from the environment
DEBUG 2021-02-09 13:29:46.356 UTC: 	 Found CMSSW_10_2_15 for slc7_amd64_gcc700 with base /uscms_data/d3/cannaert/analysis/CMSSW_10_2_15
DEBUG 2021-02-09 13:29:46.356 UTC: 	 Making tarball in /uscms_data/d3/cannaert/analysis/CMSSW_10_2_15/src/crab_projects/crab_diquark_5TeV_chi1TeV_0000/inputs/a329de41-5909-460f-8182-b19bfb264ca2default.tgz
DEBUG 2021-02-09 13:29:46.358 UTC: 	 Checking directory /uscms_data/d3/cannaert/analysis/CMSSW_10_2_15/lib
DEBUG 2021-02-09 13:29:46.358 UTC: 	 Adding directory /uscms_data/d3/cannaert/analysis/CMSSW_10_2_15/lib to tarball
DEBUG 2021-02-09 13:29:46.409 UTC: 	 Checking directory /uscms_data/d3/cannaert/analysis/CMSSW_10_2_15/biglib
DEBUG 2021-02-09 13:29:46.409 UTC: 	 Adding directory /uscms_data/d3/cannaert/analysis/CMSSW_10_2_15/biglib to tarball
DEBUG 2021-02-09 13:29:46.412 UTC: 	 Checking directory /uscms_data/d3/cannaert/analysis/CMSSW_10_2_15/module
DEBUG 2021-02-09 13:29:46.469 UTC: 	 Uploading archive /uscms_data/d3/cannaert/analysis/CMSSW_10_2_15/src/crab_projects/crab_diquark_5TeV_chi1TeV_0000/inputs/a329de41-5909-460f-8182-b19bfb264ca2default.tgz (79 KB) to the CRAB cache. Using URI https://cmsweb.cern.ch:8443/crabcache
DEBUG 2021-02-09 13:29:47.408 UTC: 	 Loading required information from the environment
DEBUG 2021-02-09 13:29:47.408 UTC: 	 Found CMSSW_10_2_15 for slc7_amd64_gcc700 with base /uscms_data/d3/cannaert/analysis/CMSSW_10_2_15
DEBUG 2021-02-09 13:29:47.408 UTC: 	 Making tarball in /uscms_data/d3/cannaert/analysis/CMSSW_10_2_15/src/crab_projects/crab_diquark_5TeV_chi1TeV_0000/inputs/debugFiles.tgz
DEBUG 2021-02-09 13:29:47.414 UTC: 	 Uploading archive /uscms_data/d3/cannaert/analysis/CMSSW_10_2_15/src/crab_projects/crab_diquark_5TeV_chi1TeV_0000/inputs/debugFiles.tgz (1 KB) to the CRAB cache. Using URI https://cmsweb.cern.ch:8443/crabcache
DEBUG 2021-02-09 13:29:48.099 UTC: 	 Result uploading input files: 7ce7d133e5de19738042d219ca9200ad173410b1411b74537faec2bfd534a9c1.tar.gz 
INFO 2021-02-09 13:29:48.100 UTC: 	 Sending the request to the server at cmsweb-k8s-prod.cern.ch
DEBUG 2021-02-09 13:29:48.100 UTC: 	 Submitting {'maxjobruntime': 1250, 'extrajdl': [], 'ignorelocality': 0, 'savelogsflag': 0, 'useparent': 0, 'asyncdest': 'T3_US_FNALLPC', 'algoargs': 1, 'cachefilename': '7ce7d133e5de19738042d219ca9200ad173410b1411b74537faec2bfd534a9c1.tar.gz', 'numcores': 1, 'addoutputfiles': [], 'generator': 'pythia', 'maxmemory': 2000, 'publishdbsurl': 'https://cmsweb.cern.ch/dbs/prod/phys03/DBSWriter', 'priority': 10, 'jobsw': 'CMSSW_10_2_15', 'edmoutfiles': [], 'userfiles': [], 'primarydataset': '', 'inputdata': '/SuuToWbht/ecannaer-CRAB_diquark_MC_prod_chi1TeV_Suu5TeV_MINIAOD-0bd58594e6ade05f64e0c3a8301c3139/USER', 'dryrun': 0, 'workflow': 'crab_diquark_5TeV_chi1TeV_0000', 'cacheurl': u'https://cmsweb.cern.ch:8443/crabcache', 'nonprodsw': 1, 'tfileoutfiles': ['diquark_850GeV_Suu4TeV_output.root'], 'oneEventMode': 0, 'debugfilename': 'bc4fc4afae306343c2097477ecfede8bb8bebaa1504e573fb094ea787c5769aa.tar.gz', 'saveoutput': 1, 'publication': 0, 'jobarch': 'slc7_amd64_gcc700', 'totalunits': 0, 'splitalgo': 'FileBased', 'ignoreglobalblacklist': 0, 'nonvaliddata': 0, 'dbsurl': 'https://cmsweb.cern.ch/dbs/prod/phys03/DBSReader', 'publishgroupname': 0, 'jobtype': 'Analysis', 'publishname2': 'diquark_5TeV_chi1TeV'} 
DEBUG 2021-02-09 13:29:48.100 UTC: 	 Encoded submit request: maxjobruntime=1250&ignorelocality=0&savelogsflag=0&useparent=0&asyncdest=T3_US_FNALLPC&algoargs=1&cachefilename=7ce7d133e5de19738042d219ca9200ad173410b1411b74537faec2bfd534a9c1.tar.gz&numcores=1&generator=pythia&maxmemory=2000&publishdbsurl=https%3A%2F%2Fcmsweb.cern.ch%2Fdbs%2Fprod%2Fphys03%2FDBSWriter&priority=10&jobsw=CMSSW_10_2_15&primarydataset=&inputdata=%2FSuuToWbht%2Fecannaer-CRAB_diquark_MC_prod_chi1TeV_Suu5TeV_MINIAOD-0bd58594e6ade05f64e0c3a8301c3139%2FUSER&dryrun=0&workflow=crab_diquark_5TeV_chi1TeV_0000&cacheurl=https%3A%2F%2Fcmsweb.cern.ch%3A8443%2Fcrabcache&nonprodsw=1&oneEventMode=0&debugfilename=bc4fc4afae306343c2097477ecfede8bb8bebaa1504e573fb094ea787c5769aa.tar.gz&saveoutput=1&publication=0&jobarch=slc7_amd64_gcc700&totalunits=0&splitalgo=FileBased&ignoreglobalblacklist=0&nonvaliddata=0&dbsurl=https%3A%2F%2Fcmsweb.cern.ch%2Fdbs%2Fprod%2Fphys03%2FDBSReader&publishgroupname=0&jobtype=Analysis&publishname2=diquark_5TeV_chi1TeV&tfileoutfiles=diquark_850GeV_Suu4TeV_output.root
DEBUG 2021-02-09 13:29:48.681 UTC: 	 Result: {u'result': [{u'RequestName': u'210209_132948:ecannaer_crab_diquark_5TeV_chi1TeV_0000'}]}
INFO 2021-02-09 13:29:48.686 UTC: 	 Success: Your task has been delivered to the prod CRAB3 server.
INFO 2021-02-09 13:29:48.686 UTC: 	 Task name: 210209_132948:ecannaer_crab_diquark_5TeV_chi1TeV_0000
INFO 2021-02-09 13:29:48.686 UTC: 	 Project dir: crab_projects/crab_diquark_5TeV_chi1TeV_0000
INFO 2021-02-09 13:29:48.687 UTC: 	 Please use ' crab status -d crab_projects/crab_diquark_5TeV_chi1TeV_0000 ' to check how the submission process proceeds.
DEBUG 2021-02-09 13:29:48.687 UTC: 	 About to return
INFO 2021-02-09 13:29:48.690 UTC: 	 Log file is /uscms_data/d3/cannaert/analysis/CMSSW_10_2_15/src/crab_projects/crab_diquark_5TeV_chi1TeV_0000/crab.log
